  [1m[35m (0.1ms)[0m  [1m[34mSELECT sqlite_version(*)[0m
  [1m[35m (4.5ms)[0m  [1m[35mCREATE TABLE "schema_migrations" ("version" varchar NOT NULL PRIMARY KEY)[0m
  [1m[35m (7.9ms)[0m  [1m[35mCREATE TABLE "ar_internal_metadata" ("key" varchar NOT NULL PRIMARY KEY, "value" varchar, "created_at" datetime NOT NULL, "updated_at" datetime NOT NULL)[0m
  [1m[35m (0.2ms)[0m  [1m[34mSELECT "schema_migrations"."version" FROM "schema_migrations" ORDER BY "schema_migrations"."version" ASC[0m
Migrating to CreatePeople (20170727135734)
  [1m[35m (0.1ms)[0m  [1m[36mbegin transaction[0m
  [1m[35m (1.1ms)[0m  [1m[35mCREATE TABLE "people" ("id" INTEGER PRIMARY KEY AUTOINCREMENT NOT NULL, "first_name" varchar, "last_name" varchar, "created_at" datetime NOT NULL, "updated_at" datetime NOT NULL)[0m
  [1m[35mSQL (0.2ms)[0m  [1m[32mINSERT INTO "schema_migrations" ("version") VALUES (?)[0m  [["version", "20170727135734"]]
  [1m[35m (4.6ms)[0m  [1m[36mcommit transaction[0m
  [1m[36mActiveRecord::InternalMetadata Load (1.0ms)[0m  [1m[34mSELECT  "ar_internal_metadata".* FROM "ar_internal_metadata" WHERE "ar_internal_metadata"."key" = ? LIMIT ?[0m  [["key", "environment"], ["LIMIT", 1]]
  [1m[35m (0.1ms)[0m  [1m[36mbegin transaction[0m
  [1m[35mSQL (4.6ms)[0m  [1m[32mINSERT INTO "ar_internal_metadata" ("key", "value", "created_at", "updated_at") VALUES (?, ?, ?, ?)[0m  [["key", "environment"], ["value", "development"], ["created_at", "2017-07-27 13:57:42.206541"], ["updated_at", "2017-07-27 13:57:42.206541"]]
  [1m[35m (3.3ms)[0m  [1m[36mcommit transaction[0m
  [1m[35m (0.1ms)[0m  [1m[34mSELECT "schema_migrations"."version" FROM "schema_migrations" ORDER BY "schema_migrations"."version" ASC[0m
Started GET "/" for 127.0.0.1 at 2017-07-28 00:09:10 +1000
  [1m[35m (0.7ms)[0m  [1m[34mSELECT "schema_migrations"."version" FROM "schema_migrations" ORDER BY "schema_migrations"."version" ASC[0m
Processing by Rails::WelcomeController#index as HTML
  Rendering /home/bowdena/.rvm/gems/ruby-2.4.0@redoEricLondon/gems/railties-5.1.2/lib/rails/templates/rails/welcome/index.html.erb
  Rendered /home/bowdena/.rvm/gems/ruby-2.4.0@redoEricLondon/gems/railties-5.1.2/lib/rails/templates/rails/welcome/index.html.erb (5.2ms)
Completed 200 OK in 29ms (Views: 19.3ms | ActiveRecord: 0.0ms)


Started GET "/people" for 127.0.0.1 at 2017-07-28 00:10:02 +1000
Processing by PeopleController#index as HTML
  Rendering people/index.html.erb within layouts/application
  [1m[36mPerson Load (0.6ms)[0m  [1m[34mSELECT "people".* FROM "people"[0m
  Rendered people/_form.html.erb (20.8ms)
  Rendered people/index.html.erb within layouts/application (26.4ms)
Completed 200 OK in 1820ms (Views: 1797.1ms | ActiveRecord: 6.5ms)


Started GET "/people" for 127.0.0.1 at 2017-07-28 00:10:07 +1000
Processing by PeopleController#index as HTML
  Rendering people/index.html.erb within layouts/application
  [1m[36mPerson Load (0.2ms)[0m  [1m[34mSELECT "people".* FROM "people"[0m
  Rendered people/_form.html.erb (2.0ms)
  Rendered people/index.html.erb within layouts/application (7.7ms)
Completed 200 OK in 94ms (Views: 92.2ms | ActiveRecord: 0.2ms)


Started GET "/people" for 127.0.0.1 at 2017-07-28 00:10:14 +1000
Processing by PeopleController#index as HTML
  Rendering people/index.html.erb within layouts/application
  [1m[36mPerson Load (0.3ms)[0m  [1m[34mSELECT "people".* FROM "people"[0m
  Rendered people/_form.html.erb (4.6ms)
  Rendered people/index.html.erb within layouts/application (8.8ms)
Completed 200 OK in 93ms (Views: 89.0ms | ActiveRecord: 0.3ms)


Started GET "/people" for 127.0.0.1 at 2017-07-28 00:10:17 +1000
Processing by PeopleController#index as HTML
  Rendering people/index.html.erb within layouts/application
  [1m[36mPerson Load (0.2ms)[0m  [1m[34mSELECT "people".* FROM "people"[0m
  Rendered people/_form.html.erb (2.3ms)
  Rendered people/index.html.erb within layouts/application (5.5ms)
Completed 200 OK in 61ms (Views: 59.6ms | ActiveRecord: 0.2ms)


Started GET "/people" for 127.0.0.1 at 2017-07-28 00:10:48 +1000
Processing by PeopleController#index as HTML
  Rendering people/index.html.erb within layouts/application
  [1m[36mPerson Load (0.2ms)[0m  [1m[34mSELECT "people".* FROM "people"[0m
  Rendered people/_form.html.erb (2.4ms)
  Rendered people/index.html.erb within layouts/application (7.1ms)
Completed 200 OK in 112ms (Views: 110.3ms | ActiveRecord: 0.2ms)


Started GET "/people" for 127.0.0.1 at 2017-07-28 00:11:29 +1000
Processing by PeopleController#index as HTML
  Rendering people/index.html.erb within layouts/application
  [1m[36mPerson Load (0.2ms)[0m  [1m[34mSELECT "people".* FROM "people"[0m
  Rendered people/_form.html.erb (3.8ms)
  Rendered people/index.html.erb within layouts/application (6.5ms)
Completed 200 OK in 147ms (Views: 145.1ms | ActiveRecord: 0.2ms)


Started GET "/people" for 127.0.0.1 at 2017-07-28 00:11:30 +1000
Processing by PeopleController#index as HTML
  Rendering people/index.html.erb within layouts/application
  [1m[36mPerson Load (0.3ms)[0m  [1m[34mSELECT "people".* FROM "people"[0m
  Rendered people/_form.html.erb (8.2ms)
  Rendered people/index.html.erb within layouts/application (21.8ms)
Completed 200 OK in 124ms (Views: 122.7ms | ActiveRecord: 0.3ms)


Started GET "/people" for 127.0.0.1 at 2017-07-28 00:11:37 +1000
Processing by PeopleController#index as HTML
  Rendering people/index.html.erb within layouts/application
  [1m[36mPerson Load (0.2ms)[0m  [1m[34mSELECT "people".* FROM "people"[0m
  Rendered people/_form.html.erb (3.1ms)
  Rendered people/index.html.erb within layouts/application (10.1ms)
Completed 200 OK in 64ms (Views: 62.4ms | ActiveRecord: 0.2ms)


Started GET "/people" for 127.0.0.1 at 2017-07-28 00:11:51 +1000
Processing by PeopleController#index as HTML
  Rendering people/index.html.erb within layouts/application
  [1m[36mPerson Load (0.2ms)[0m  [1m[34mSELECT "people".* FROM "people"[0m
  Rendered people/_form.html.erb (8.2ms)
  Rendered people/index.html.erb within layouts/application (10.9ms)
Completed 200 OK in 56ms (Views: 53.9ms | ActiveRecord: 0.2ms)


Started GET "/people" for 127.0.0.1 at 2017-07-28 00:11:53 +1000
Processing by PeopleController#index as HTML
  Rendering people/index.html.erb within layouts/application
  [1m[36mPerson Load (0.2ms)[0m  [1m[34mSELECT "people".* FROM "people"[0m
  Rendered people/_form.html.erb (2.3ms)
  Rendered people/index.html.erb within layouts/application (5.9ms)
Completed 200 OK in 57ms (Views: 54.9ms | ActiveRecord: 0.2ms)


Started GET "/people" for 127.0.0.1 at 2017-07-28 00:15:44 +1000
  [1m[35m (0.2ms)[0m  [1m[34mSELECT "schema_migrations"."version" FROM "schema_migrations" ORDER BY "schema_migrations"."version" ASC[0m
Processing by PeopleController#index as HTML
  Rendering people/index.html.erb within layouts/application
  [1m[36mPerson Load (0.8ms)[0m  [1m[34mSELECT "people".* FROM "people"[0m
  Rendered people/_form.html.erb (25.5ms)
  Rendered people/index.html.erb within layouts/application (37.4ms)
Completed 200 OK in 2381ms (Views: 2348.8ms | ActiveRecord: 4.7ms)


Started POST "/people" for 127.0.0.1 at 2017-07-28 00:15:54 +1000
Processing by PeopleController#create as JS
  Parameters: {"utf8"=>"✓", "person"=>{"first_name"=>"a", "last_name"=>""}, "commit"=>"Submit"}
  [1m[35m (0.1ms)[0m  [1m[36mbegin transaction[0m
  [1m[35mSQL (1.3ms)[0m  [1m[32mINSERT INTO "people" ("first_name", "last_name", "created_at", "updated_at") VALUES (?, ?, ?, ?)[0m  [["first_name", "a"], ["last_name", ""], ["created_at", "2017-07-27 14:15:54.407638"], ["updated_at", "2017-07-27 14:15:54.407638"]]
Started POST "/people" for 127.0.0.1 at 2017-07-28 00:15:54 +1000
Processing by PeopleController#create as JS
  Parameters: {"utf8"=>"✓", "person"=>{"first_name"=>"a", "last_name"=>""}, "commit"=>"Submit"}
  [1m[35m (20.7ms)[0m  [1m[36mcommit transaction[0m
  [1m[35m (0.1ms)[0m  [1m[36mbegin transaction[0m
  [1m[35mSQL (1.1ms)[0m  [1m[32mINSERT INTO "people" ("first_name", "last_name", "created_at", "updated_at") VALUES (?, ?, ?, ?)[0m  [["first_name", "a"], ["last_name", ""], ["created_at", "2017-07-27 14:15:54.453718"], ["updated_at", "2017-07-27 14:15:54.453718"]]
  Rendering people/show.js.erb
  [1m[35m (7.6ms)[0m  [1m[36mcommit transaction[0m
  Rendered people/_table_row.html.erb (0.9ms)
  Rendered people/show.js.erb (18.0ms)
Completed 201 Created in 84ms (Views: 38.3ms | ActiveRecord: 22.1ms)


  Rendering people/show.js.erb
  Rendered people/_table_row.html.erb (1.0ms)
  Rendered people/show.js.erb (3.8ms)
Completed 201 Created in 62ms (Views: 17.6ms | ActiveRecord: 9.2ms)


Started GET "/people" for 127.0.0.1 at 2017-07-28 00:17:15 +1000
Processing by PeopleController#index as HTML
  Rendering people/index.html.erb within layouts/application
  [1m[36mPerson Load (0.2ms)[0m  [1m[34mSELECT "people".* FROM "people"[0m
  Rendered people/_table_row.html.erb (2.1ms)
  Rendered people/_table_row.html.erb (0.2ms)
  Rendered people/_form.html.erb (5.5ms)
  Rendered people/index.html.erb within layouts/application (29.4ms)
Completed 500 Internal Server Error in 41ms (ActiveRecord: 2.4ms)


  
ActionView::Template::Error (First argument in form cannot contain nil or be empty):
    1: <%# Conditionally set remote: true. Also, passing model name as data attribute %>
    2: <% modal ||= false %>
    3: <% remote = modal ? true : false %>
    4: <%= form_for(@person, remote: remote, html: {role: :form, 'data-model' => 'person'}) do |f| %>
    5: 
    6:   <% if @person.errors.any? %>
    7:     <div id="error_explanation">
  
app/views/people/_form.html.erb:4:in `_app_views_people__form_html_erb__4271285202145112987_69966884840700'
app/views/people/index.html.erb:37:in `_app_views_people_index_html_erb__3146437393722064923_69966885037740'
Started GET "/people." for 127.0.0.1 at 2017-07-28 00:17:37 +1000
  
ActionController::RoutingError (No route matches [GET] "/people."):
  
actionpack (5.1.2) lib/action_dispatch/middleware/debug_exceptions.rb:63:in `call'
web-console (3.5.1) lib/web_console/middleware.rb:135:in `call_app'
web-console (3.5.1) lib/web_console/middleware.rb:28:in `block in call'
web-console (3.5.1) lib/web_console/middleware.rb:18:in `catch'
web-console (3.5.1) lib/web_console/middleware.rb:18:in `call'
actionpack (5.1.2) lib/action_dispatch/middleware/show_exceptions.rb:31:in `call'
railties (5.1.2) lib/rails/rack/logger.rb:36:in `call_app'
railties (5.1.2) lib/rails/rack/logger.rb:24:in `block in call'
activesupport (5.1.2) lib/active_support/tagged_logging.rb:69:in `block in tagged'
activesupport (5.1.2) lib/active_support/tagged_logging.rb:26:in `tagged'
activesupport (5.1.2) lib/active_support/tagged_logging.rb:69:in `tagged'
railties (5.1.2) lib/rails/rack/logger.rb:24:in `call'
sprockets-rails (3.2.0) lib/sprockets/rails/quiet_assets.rb:13:in `call'
actionpack (5.1.2) lib/action_dispatch/middleware/remote_ip.rb:79:in `call'
actionpack (5.1.2) lib/action_dispatch/middleware/request_id.rb:25:in `call'
rack (2.0.3) lib/rack/method_override.rb:22:in `call'
rack (2.0.3) lib/rack/runtime.rb:22:in `call'
activesupport (5.1.2) lib/active_support/cache/strategy/local_cache_middleware.rb:27:in `call'
actionpack (5.1.2) lib/action_dispatch/middleware/executor.rb:12:in `call'
actionpack (5.1.2) lib/action_dispatch/middleware/static.rb:125:in `call'
rack (2.0.3) lib/rack/sendfile.rb:111:in `call'
railties (5.1.2) lib/rails/engine.rb:522:in `call'
puma (3.9.1) lib/puma/configuration.rb:224:in `call'
puma (3.9.1) lib/puma/server.rb:602:in `handle_request'
puma (3.9.1) lib/puma/server.rb:435:in `process_client'
puma (3.9.1) lib/puma/server.rb:299:in `block in run'
puma (3.9.1) lib/puma/thread_pool.rb:120:in `block in spawn_thread'
Started GET "/people" for 127.0.0.1 at 2017-07-28 00:17:40 +1000
Processing by PeopleController#index as HTML
  Rendering people/index.html.erb within layouts/application
  [1m[36mPerson Load (0.4ms)[0m  [1m[34mSELECT "people".* FROM "people"[0m
  Rendered people/_table_row.html.erb (5.3ms)
  Rendered people/_table_row.html.erb (2.7ms)
  Rendered people/_form.html.erb (3.0ms)
  Rendered people/index.html.erb within layouts/application (20.8ms)
Completed 200 OK in 230ms (Views: 193.7ms | ActiveRecord: 2.2ms)


Started POST "/people" for 127.0.0.1 at 2017-07-28 00:17:45 +1000
Processing by PeopleController#create as JS
  Parameters: {"utf8"=>"✓", "person"=>{"first_name"=>"b", "last_name"=>""}, "commit"=>"Submit"}
  [1m[35m (0.1ms)[0m  [1m[36mbegin transaction[0m
  [1m[35mSQL (2.1ms)[0m  [1m[32mINSERT INTO "people" ("first_name", "last_name", "created_at", "updated_at") VALUES (?, ?, ?, ?)[0m  [["first_name", "b"], ["last_name", ""], ["created_at", "2017-07-27 14:17:45.609408"], ["updated_at", "2017-07-27 14:17:45.609408"]]
  [1m[35m (9.4ms)[0m  [1m[36mcommit transaction[0m
Started POST "/people" for 127.0.0.1 at 2017-07-28 00:17:45 +1000
Redirected to http://localhost:3000/people/3
Processing by PeopleController#create as JS
Completed 200 OK in 22ms (ActiveRecord: 11.5ms)


  Parameters: {"utf8"=>"✓", "person"=>{"first_name"=>"b", "last_name"=>""}, "commit"=>"Submit"}
  [1m[35m (0.1ms)[0m  [1m[36mbegin transaction[0m
  [1m[35mSQL (2.3ms)[0m  [1m[32mINSERT INTO "people" ("first_name", "last_name", "created_at", "updated_at") VALUES (?, ?, ?, ?)[0m  [["first_name", "b"], ["last_name", ""], ["created_at", "2017-07-27 14:17:45.634786"], ["updated_at", "2017-07-27 14:17:45.634786"]]
  [1m[35m (7.8ms)[0m  [1m[36mcommit transaction[0m
Redirected to http://localhost:3000/people/4
Completed 200 OK in 21ms (ActiveRecord: 10.7ms)


Started GET "/people/3" for 127.0.0.1 at 2017-07-28 00:17:45 +1000
Processing by PeopleController#show as HTML
  Parameters: {"id"=>"3"}
  [1m[36mPerson Load (0.5ms)[0m  [1m[34mSELECT  "people".* FROM "people" WHERE "people"."id" = ? LIMIT ?[0m  [["id", 3], ["LIMIT", 1]]
  Rendering people/show.html.erb within layouts/application
  Rendered people/show.html.erb within layouts/application (0.9ms)
Started GET "/people/4" for 127.0.0.1 at 2017-07-28 00:17:45 +1000
Processing by PeopleController#show as HTML
  Parameters: {"id"=>"4"}
  [1m[36mPerson Load (0.2ms)[0m  [1m[34mSELECT  "people".* FROM "people" WHERE "people"."id" = ? LIMIT ?[0m  [["id", 4], ["LIMIT", 1]]
  Rendering people/show.html.erb within layouts/application
  Rendered people/show.html.erb within layouts/application (5.2ms)
Completed 200 OK in 166ms (Views: 157.2ms | ActiveRecord: 0.5ms)


Completed 200 OK in 157ms (Views: 154.7ms | ActiveRecord: 0.2ms)


Started GET "/people" for 127.0.0.1 at 2017-07-28 00:17:48 +1000
Processing by PeopleController#index as HTML
  Rendering people/index.html.erb within layouts/application
  [1m[36mPerson Load (1.1ms)[0m  [1m[34mSELECT "people".* FROM "people"[0m
  Rendered people/_table_row.html.erb (1.4ms)
  Rendered people/_table_row.html.erb (1.3ms)
  Rendered people/_table_row.html.erb (1.5ms)
  Rendered people/_table_row.html.erb (1.8ms)
  Rendered people/_form.html.erb (4.2ms)
  Rendered people/index.html.erb within layouts/application (29.1ms)
Completed 200 OK in 126ms (Views: 123.6ms | ActiveRecord: 1.1ms)


Started GET "/people" for 127.0.0.1 at 2017-07-28 00:18:04 +1000
Processing by PeopleController#index as HTML
  Rendering people/index.html.erb within layouts/application
  [1m[36mPerson Load (1.0ms)[0m  [1m[34mSELECT "people".* FROM "people"[0m
  Rendered people/_table_row.html.erb (5.5ms)
  Rendered people/_table_row.html.erb (0.3ms)
  Rendered people/_table_row.html.erb (0.2ms)
  Rendered people/_table_row.html.erb (0.2ms)
  Rendered people/_form.html.erb (1.7ms)
  Rendered people/index.html.erb within layouts/application (16.9ms)
Completed 200 OK in 142ms (Views: 116.3ms | ActiveRecord: 3.3ms)


Started POST "/people" for 127.0.0.1 at 2017-07-28 00:18:09 +1000
Processing by PeopleController#create as JS
  Parameters: {"utf8"=>"✓", "person"=>{"first_name"=>"c", "last_name"=>""}, "commit"=>"Submit"}
  [1m[35m (0.1ms)[0m  [1m[36mbegin transaction[0m
  [1m[35mSQL (6.3ms)[0m  [1m[32mINSERT INTO "people" ("first_name", "last_name", "created_at", "updated_at") VALUES (?, ?, ?, ?)[0m  [["first_name", "c"], ["last_name", ""], ["created_at", "2017-07-27 14:18:09.267701"], ["updated_at", "2017-07-27 14:18:09.267701"]]
  [1m[35m (8.5ms)[0m  [1m[36mcommit transaction[0m
Started POST "/people" for 127.0.0.1 at 2017-07-28 00:18:09 +1000
Processing by PeopleController#create as JS
  Parameters: {"utf8"=>"✓", "person"=>{"first_name"=>"c", "last_name"=>""}, "commit"=>"Submit"}
  [1m[35m (0.1ms)[0m  [1m[36mbegin transaction[0m
  Rendering people/show.js.erb
  Rendered people/_table_row.html.erb (0.9ms)
  Rendered people/show.js.erb (2.4ms)
Completed 201 Created in 53ms (Views: 24.2ms | ActiveRecord: 14.8ms)


  [1m[35mSQL (2.3ms)[0m  [1m[32mINSERT INTO "people" ("first_name", "last_name", "created_at", "updated_at") VALUES (?, ?, ?, ?)[0m  [["first_name", "c"], ["last_name", ""], ["created_at", "2017-07-27 14:18:09.310089"], ["updated_at", "2017-07-27 14:18:09.310089"]]
  [1m[35m (2.5ms)[0m  [1m[36mcommit transaction[0m
  Rendering people/show.js.erb
  Rendered people/_table_row.html.erb (1.6ms)
  Rendered people/show.js.erb (3.1ms)
Completed 201 Created in 31ms (Views: 9.9ms | ActiveRecord: 5.4ms)


Started GET "/people" for 127.0.0.1 at 2017-07-28 00:19:12 +1000
Processing by PeopleController#index as HTML
  Rendering people/index.html.erb within layouts/application
  [1m[36mPerson Load (2.6ms)[0m  [1m[34mSELECT "people".* FROM "people"[0m
  Rendered people/_table_row.html.erb (2.1ms)
  Rendered people/_table_row.html.erb (0.6ms)
  Rendered people/_table_row.html.erb (0.5ms)
  Rendered people/_table_row.html.erb (0.7ms)
  Rendered people/_table_row.html.erb (1.3ms)
  Rendered people/_table_row.html.erb (1.6ms)
  Rendered people/_form.html.erb (14.5ms)
  Rendered people/index.html.erb within layouts/application (48.3ms)
Completed 200 OK in 171ms (Views: 140.7ms | ActiveRecord: 4.1ms)


Started POST "/people" for 127.0.0.1 at 2017-07-28 00:19:17 +1000
Processing by PeopleController#create as JS
  Parameters: {"utf8"=>"✓", "person"=>{"first_name"=>"d", "last_name"=>""}, "commit"=>"Submit"}
Completed 500 Internal Server Error in 2ms (ActiveRecord: 0.0ms)


  
NoMethodError (undefined method `save' for nil:NilClass):
  
app/controllers/people_controller.rb:32:in `block in create'
app/controllers/people_controller.rb:31:in `create'
Started POST "/people" for 127.0.0.1 at 2017-07-28 00:19:17 +1000
Processing by PeopleController#create as JS
  Parameters: {"utf8"=>"✓", "person"=>{"first_name"=>"d", "last_name"=>""}, "commit"=>"Submit"}
Completed 500 Internal Server Error in 3ms (ActiveRecord: 0.0ms)


  
NoMethodError (undefined method `save' for nil:NilClass):
  
app/controllers/people_controller.rb:32:in `block in create'
app/controllers/people_controller.rb:31:in `create'
Started GET "/people.json" for 127.0.0.1 at 2017-07-28 00:19:56 +1000
Processing by PeopleController#index as JSON
  Rendering people/index.json.jbuilder
  [1m[36mPerson Load (2.3ms)[0m  [1m[34mSELECT "people".* FROM "people"[0m
  Rendered people/_person.json.jbuilder (3.1ms)
  Rendered people/_person.json.jbuilder (0.5ms)
  Rendered people/_person.json.jbuilder (0.4ms)
  Rendered people/_person.json.jbuilder (0.3ms)
  Rendered people/_person.json.jbuilder (0.3ms)
  Rendered people/_person.json.jbuilder (0.3ms)
  Rendered people/index.json.jbuilder (20.9ms)
Completed 200 OK in 51ms (Views: 21.6ms | ActiveRecord: 3.8ms)


Started GET "/people.js" for 127.0.0.1 at 2017-07-28 00:20:10 +1000
Processing by PeopleController#index as JS
  Rendering people/index.html.erb
  [1m[36mPerson Load (0.2ms)[0m  [1m[34mSELECT "people".* FROM "people"[0m
  Rendered people/_table_row.html.erb (6.1ms)
  Rendered people/_table_row.html.erb (4.1ms)
  Rendered people/_table_row.html.erb (0.5ms)
  Rendered people/_table_row.html.erb (3.1ms)
  Rendered people/_table_row.html.erb (1.4ms)
  Rendered people/_table_row.html.erb (2.6ms)
  Rendered people/_form.html.erb (5.9ms)
  Rendered people/index.html.erb (36.5ms)
Completed 200 OK in 41ms (Views: 39.1ms | ActiveRecord: 0.2ms)


Started GET "/" for 127.0.0.1 at 2017-07-28 00:21:28 +1000
Processing by Rails::WelcomeController#index as HTML
  Rendering /home/bowdena/.rvm/gems/ruby-2.4.0@redoEricLondon/gems/railties-5.1.2/lib/rails/templates/rails/welcome/index.html.erb
  Rendered /home/bowdena/.rvm/gems/ruby-2.4.0@redoEricLondon/gems/railties-5.1.2/lib/rails/templates/rails/welcome/index.html.erb (1.5ms)
Completed 200 OK in 9ms (Views: 4.9ms | ActiveRecord: 0.0ms)


Started GET "/people" for 127.0.0.1 at 2017-07-28 00:21:48 +1000
Processing by PeopleController#index as HTML
  Rendering people/index.html.erb within layouts/application
  [1m[36mPerson Load (0.2ms)[0m  [1m[34mSELECT "people".* FROM "people"[0m
  Rendered people/_table_row.html.erb (1.4ms)
  Rendered people/_table_row.html.erb (0.3ms)
  Rendered people/_table_row.html.erb (0.2ms)
  Rendered people/_table_row.html.erb (0.2ms)
  Rendered people/_table_row.html.erb (0.3ms)
  Rendered people/_table_row.html.erb (0.5ms)
  Rendered people/_form.html.erb (2.3ms)
  Rendered people/index.html.erb within layouts/application (11.5ms)
Completed 200 OK in 124ms (Views: 96.2ms | ActiveRecord: 2.6ms)


Started POST "/people" for 127.0.0.1 at 2017-07-28 00:21:53 +1000
Processing by PeopleController#create as JS
  Parameters: {"utf8"=>"✓", "person"=>{"first_name"=>"a", "last_name"=>""}, "commit"=>"Submit"}
  [1m[35m (0.1ms)[0m  [1m[36mbegin transaction[0m
Started POST "/people" for 127.0.0.1 at 2017-07-28 00:21:53 +1000
Processing by PeopleController#create as JS
  Parameters: {"utf8"=>"✓", "person"=>{"first_name"=>"a", "last_name"=>""}, "commit"=>"Submit"}
  [1m[35m (0.0ms)[0m  [1m[36mbegin transaction[0m
  [1m[35mSQL (5036.1ms)[0m  [1m[32mINSERT INTO "people" ("first_name", "last_name", "created_at", "updated_at") VALUES (?, ?, ?, ?)[0m  [["first_name", "a"], ["last_name", ""], ["created_at", "2017-07-27 14:21:53.578836"], ["updated_at", "2017-07-27 14:21:53.578836"]]
  [1m[35m (2.7ms)[0m  [1m[36mcommit transaction[0m
  Rendering people/show.js.erb
  Rendered people/_table_row.html.erb (1.3ms)
  Rendered people/show.js.erb (2.5ms)
Completed 201 Created in 5047ms (Views: 5.0ms | ActiveRecord: 5038.8ms)


  [1m[35mSQL (5040.4ms)[0m  [1m[32mINSERT INTO "people" ("first_name", "last_name", "created_at", "updated_at") VALUES (?, ?, ?, ?)[0m  [["first_name", "a"], ["last_name", ""], ["created_at", "2017-07-27 14:21:53.585664"], ["updated_at", "2017-07-27 14:21:53.585664"]]
  [1m[35m (0.1ms)[0m  [1m[31mrollback transaction[0m
Completed 500 Internal Server Error in 5047ms (ActiveRecord: 5040.8ms)


  
ActiveRecord::StatementInvalid (SQLite3::BusyException: database is locked: INSERT INTO "people" ("first_name", "last_name", "created_at", "updated_at") VALUES (?, ?, ?, ?)):
  
app/controllers/people_controller.rb:32:in `block in create'
app/controllers/people_controller.rb:31:in `create'
Started POST "/people" for 127.0.0.1 at 2017-07-28 00:22:09 +1000
Processing by PeopleController#create as JS
  Parameters: {"utf8"=>"✓", "person"=>{"first_name"=>"d", "last_name"=>""}, "commit"=>"Submit"}
  [1m[35m (0.1ms)[0m  [1m[36mbegin transaction[0m
  [1m[35mSQL (2.7ms)[0m  [1m[32mINSERT INTO "people" ("first_name", "last_name", "created_at", "updated_at") VALUES (?, ?, ?, ?)[0m  [["first_name", "d"], ["last_name", ""], ["created_at", "2017-07-27 14:22:09.949763"], ["updated_at", "2017-07-27 14:22:09.949763"]]
Started POST "/people" for 127.0.0.1 at 2017-07-28 00:22:09 +1000
  [1m[35m (19.5ms)[0m  [1m[36mcommit transaction[0m
Processing by PeopleController#create as JS
  Parameters: {"utf8"=>"✓", "person"=>{"first_name"=>"d", "last_name"=>""}, "commit"=>"Submit"}
  [1m[35m (2.4ms)[0m  [1m[36mbegin transaction[0m
  Rendering people/show.js.erb
  Rendered people/_table_row.html.erb (4.0ms)
  Rendered people/show.js.erb (6.9ms)
Completed 201 Created in 96ms (Views: 34.4ms | ActiveRecord: 22.4ms)


  [1m[35mSQL (5.5ms)[0m  [1m[32mINSERT INTO "people" ("first_name", "last_name", "created_at", "updated_at") VALUES (?, ?, ?, ?)[0m  [["first_name", "d"], ["last_name", ""], ["created_at", "2017-07-27 14:22:10.027293"], ["updated_at", "2017-07-27 14:22:10.027293"]]
  [1m[35m (15.7ms)[0m  [1m[36mcommit transaction[0m
  Rendering people/show.js.erb
  Rendered people/_table_row.html.erb (1.3ms)
  Rendered people/show.js.erb (4.1ms)
Completed 201 Created in 59ms (Views: 16.9ms | ActiveRecord: 23.6ms)


Started POST "/people" for 127.0.0.1 at 2017-07-28 00:22:14 +1000
Processing by PeopleController#create as JS
  Parameters: {"utf8"=>"✓", "person"=>{"first_name"=>"d", "last_name"=>""}, "commit"=>"Submit"}
  [1m[35m (0.1ms)[0m  [1m[36mbegin transaction[0m
  [1m[35mSQL (2.0ms)[0m  [1m[32mINSERT INTO "people" ("first_name", "last_name", "created_at", "updated_at") VALUES (?, ?, ?, ?)[0m  [["first_name", "d"], ["last_name", ""], ["created_at", "2017-07-27 14:22:14.375471"], ["updated_at", "2017-07-27 14:22:14.375471"]]
  [1m[35m (5.6ms)[0m  [1m[36mcommit transaction[0m
Started POST "/people" for 127.0.0.1 at 2017-07-28 00:22:14 +1000
Processing by PeopleController#create as JS
  Parameters: {"utf8"=>"✓", "person"=>{"first_name"=>"d", "last_name"=>""}, "commit"=>"Submit"}
  [1m[35m (0.1ms)[0m  [1m[36mbegin transaction[0m
  [1m[35mSQL (1.7ms)[0m  [1m[32mINSERT INTO "people" ("first_name", "last_name", "created_at", "updated_at") VALUES (?, ?, ?, ?)[0m  [["first_name", "d"], ["last_name", ""], ["created_at", "2017-07-27 14:22:14.393944"], ["updated_at", "2017-07-27 14:22:14.393944"]]
  [1m[35m (16.5ms)[0m  [1m[36mcommit transaction[0m
  Rendering people/show.js.erb
  Rendering people/show.js.erb
  Rendered people/_table_row.html.erb (19.9ms)
  Rendered people/_table_row.html.erb (1.3ms)
  Rendered people/show.js.erb (3.2ms)
Completed 201 Created in 77ms (Views: 63.0ms | ActiveRecord: 7.7ms)


  Rendered people/show.js.erb (24.6ms)
Completed 201 Created in 63ms (Views: 31.6ms | ActiveRecord: 18.3ms)


Started POST "/people" for 127.0.0.1 at 2017-07-28 00:22:51 +1000
Processing by PeopleController#create as JS
  Parameters: {"utf8"=>"✓", "person"=>{"first_name"=>"e", "last_name"=>"e"}, "commit"=>"Submit"}
  [1m[35m (0.1ms)[0m  [1m[36mbegin transaction[0m
  [1m[35mSQL (10.1ms)[0m  [1m[32mINSERT INTO "people" ("first_name", "last_name", "created_at", "updated_at") VALUES (?, ?, ?, ?)[0m  [["first_name", "e"], ["last_name", "e"], ["created_at", "2017-07-27 14:22:51.246175"], ["updated_at", "2017-07-27 14:22:51.246175"]]
  [1m[35m (4.9ms)[0m  [1m[36mcommit transaction[0m
  Rendering people/show.js.erb
Started POST "/people" for 127.0.0.1 at 2017-07-28 00:22:51 +1000
Processing by PeopleController#create as JS
  Parameters: {"utf8"=>"✓", "person"=>{"first_name"=>"e", "last_name"=>"e"}, "commit"=>"Submit"}
  [1m[35m (0.4ms)[0m  [1m[36mbegin transaction[0m
  Rendered people/_table_row.html.erb (2.0ms)
  Rendered people/show.js.erb (26.5ms)
Completed 201 Created in 49ms (Views: 30.5ms | ActiveRecord: 15.1ms)


  [1m[35mSQL (6.7ms)[0m  [1m[32mINSERT INTO "people" ("first_name", "last_name", "created_at", "updated_at") VALUES (?, ?, ?, ?)[0m  [["first_name", "e"], ["last_name", "e"], ["created_at", "2017-07-27 14:22:51.281543"], ["updated_at", "2017-07-27 14:22:51.281543"]]
  [1m[35m (4.1ms)[0m  [1m[36mcommit transaction[0m
  Rendering people/show.js.erb
  Rendered people/_table_row.html.erb (3.0ms)
  Rendered people/show.js.erb (10.2ms)
Completed 201 Created in 47ms (Views: 17.7ms | ActiveRecord: 11.2ms)


Started DELETE "/people/12" for 127.0.0.1 at 2017-07-28 00:22:57 +1000
Processing by PeopleController#destroy as HTML
  Parameters: {"authenticity_token"=>"oUj73hgJBhA1ROn2iofYIL3yZV5EPogI/qBL9tHnRUUDK9ANPd7CDt9ROTk1y2rXJp6KYKgKDDPotaXTYrhy8w==", "id"=>"12"}
  [1m[36mPerson Load (0.2ms)[0m  [1m[34mSELECT  "people".* FROM "people" WHERE "people"."id" = ? LIMIT ?[0m  [["id", 12], ["LIMIT", 1]]
  [1m[35m (0.0ms)[0m  [1m[36mbegin transaction[0m
  [1m[35mSQL (1.5ms)[0m  [1m[31mDELETE FROM "people" WHERE "people"."id" = ?[0m  [["id", 12]]
  [1m[35m (7.3ms)[0m  [1m[36mcommit transaction[0m
Redirected to http://localhost:3000/people
Completed 302 Found in 15ms (ActiveRecord: 9.1ms)


Started GET "/people" for 127.0.0.1 at 2017-07-28 00:22:58 +1000
Processing by PeopleController#index as HTML
  Rendering people/index.html.erb within layouts/application
  [1m[36mPerson Load (0.2ms)[0m  [1m[34mSELECT "people".* FROM "people"[0m
  Rendered people/_table_row.html.erb (0.9ms)
  Rendered people/_table_row.html.erb (0.4ms)
  Rendered people/_table_row.html.erb (0.2ms)
  Rendered people/_table_row.html.erb (0.2ms)
  Rendered people/_table_row.html.erb (0.2ms)
  Rendered people/_table_row.html.erb (1.5ms)
  Rendered people/_table_row.html.erb (2.7ms)
  Rendered people/_table_row.html.erb (0.5ms)
  Rendered people/_table_row.html.erb (0.4ms)
  Rendered people/_table_row.html.erb (0.7ms)
  Rendered people/_table_row.html.erb (0.7ms)
  Rendered people/_table_row.html.erb (1.3ms)
  Rendered people/_form.html.erb (2.8ms)
  Rendered people/index.html.erb within layouts/application (44.5ms)
Completed 200 OK in 159ms (Views: 157.4ms | ActiveRecord: 0.2ms)


Started DELETE "/people/13" for 127.0.0.1 at 2017-07-28 00:23:05 +1000
Processing by PeopleController#destroy as HTML
  Parameters: {"authenticity_token"=>"tA1bvOZyu82bZPWUbY6mi8j8TNxSzfkCDxTT9hTHuVEWbnBvw6V/03FxJVvSwhR8U5Cj4r75fTkZAT3Tp5iO5w==", "id"=>"13"}
  [1m[36mPerson Load (0.1ms)[0m  [1m[34mSELECT  "people".* FROM "people" WHERE "people"."id" = ? LIMIT ?[0m  [["id", 13], ["LIMIT", 1]]
  [1m[35m (0.0ms)[0m  [1m[36mbegin transaction[0m
  [1m[35mSQL (2.0ms)[0m  [1m[31mDELETE FROM "people" WHERE "people"."id" = ?[0m  [["id", 13]]
  [1m[35m (5.5ms)[0m  [1m[36mcommit transaction[0m
Redirected to http://localhost:3000/people
Completed 302 Found in 11ms (ActiveRecord: 7.7ms)


Started GET "/people" for 127.0.0.1 at 2017-07-28 00:23:05 +1000
Processing by PeopleController#index as HTML
  Rendering people/index.html.erb within layouts/application
  [1m[36mPerson Load (0.3ms)[0m  [1m[34mSELECT "people".* FROM "people"[0m
  Rendered people/_table_row.html.erb (0.9ms)
  Rendered people/_table_row.html.erb (0.3ms)
  Rendered people/_table_row.html.erb (3.1ms)
  Rendered people/_table_row.html.erb (1.0ms)
  Rendered people/_table_row.html.erb (2.1ms)
  Rendered people/_table_row.html.erb (0.5ms)
  Rendered people/_table_row.html.erb (0.3ms)
  Rendered people/_table_row.html.erb (0.7ms)
  Rendered people/_table_row.html.erb (0.4ms)
  Rendered people/_table_row.html.erb (0.7ms)
  Rendered people/_table_row.html.erb (0.3ms)
  Rendered people/_form.html.erb (2.8ms)
  Rendered people/index.html.erb within layouts/application (34.8ms)
Completed 200 OK in 112ms (Views: 108.1ms | ActiveRecord: 0.3ms)


Started GET "/form" for 127.0.0.1 at 2017-07-28 00:25:10 +1000
  
ActionController::RoutingError (No route matches [GET] "/form"):
  
actionpack (5.1.2) lib/action_dispatch/middleware/debug_exceptions.rb:63:in `call'
web-console (3.5.1) lib/web_console/middleware.rb:135:in `call_app'
web-console (3.5.1) lib/web_console/middleware.rb:28:in `block in call'
web-console (3.5.1) lib/web_console/middleware.rb:18:in `catch'
web-console (3.5.1) lib/web_console/middleware.rb:18:in `call'
actionpack (5.1.2) lib/action_dispatch/middleware/show_exceptions.rb:31:in `call'
railties (5.1.2) lib/rails/rack/logger.rb:36:in `call_app'
railties (5.1.2) lib/rails/rack/logger.rb:24:in `block in call'
activesupport (5.1.2) lib/active_support/tagged_logging.rb:69:in `block in tagged'
activesupport (5.1.2) lib/active_support/tagged_logging.rb:26:in `tagged'
activesupport (5.1.2) lib/active_support/tagged_logging.rb:69:in `tagged'
railties (5.1.2) lib/rails/rack/logger.rb:24:in `call'
sprockets-rails (3.2.0) lib/sprockets/rails/quiet_assets.rb:13:in `call'
actionpack (5.1.2) lib/action_dispatch/middleware/remote_ip.rb:79:in `call'
actionpack (5.1.2) lib/action_dispatch/middleware/request_id.rb:25:in `call'
rack (2.0.3) lib/rack/method_override.rb:22:in `call'
rack (2.0.3) lib/rack/runtime.rb:22:in `call'
activesupport (5.1.2) lib/active_support/cache/strategy/local_cache_middleware.rb:27:in `call'
actionpack (5.1.2) lib/action_dispatch/middleware/executor.rb:12:in `call'
actionpack (5.1.2) lib/action_dispatch/middleware/static.rb:125:in `call'
rack (2.0.3) lib/rack/sendfile.rb:111:in `call'
railties (5.1.2) lib/rails/engine.rb:522:in `call'
puma (3.9.1) lib/puma/configuration.rb:224:in `call'
puma (3.9.1) lib/puma/server.rb:602:in `handle_request'
puma (3.9.1) lib/puma/server.rb:435:in `process_client'
puma (3.9.1) lib/puma/server.rb:299:in `block in run'
puma (3.9.1) lib/puma/thread_pool.rb:120:in `block in spawn_thread'
Started GET "/people/2" for 127.0.0.1 at 2017-07-28 00:27:48 +1000
Processing by PeopleController#show as HTML
  Parameters: {"id"=>"2"}
  [1m[36mPerson Load (2.4ms)[0m  [1m[34mSELECT  "people".* FROM "people" WHERE "people"."id" = ? LIMIT ?[0m  [["id", 2], ["LIMIT", 1]]
  Rendering people/show.html.erb within layouts/application
  Rendered people/show.html.erb within layouts/application (1.0ms)
Completed 200 OK in 125ms (Views: 118.2ms | ActiveRecord: 2.4ms)


Started GET "/people" for 127.0.0.1 at 2017-07-28 00:27:50 +1000
Processing by PeopleController#index as HTML
  Rendering people/index.html.erb within layouts/application
  [1m[36mPerson Load (0.3ms)[0m  [1m[34mSELECT "people".* FROM "people"[0m
  Rendered people/_table_row.html.erb (0.9ms)
  Rendered people/_table_row.html.erb (0.3ms)
  Rendered people/_table_row.html.erb (0.3ms)
  Rendered people/_table_row.html.erb (0.2ms)
  Rendered people/_table_row.html.erb (0.3ms)
  Rendered people/_table_row.html.erb (0.5ms)
  Rendered people/_table_row.html.erb (0.4ms)
  Rendered people/_table_row.html.erb (0.3ms)
  Rendered people/_table_row.html.erb (0.5ms)
  Rendered people/_table_row.html.erb (1.1ms)
  Rendered people/_table_row.html.erb (0.6ms)
  Rendered people/_form.html.erb (12.5ms)
  Rendered people/index.html.erb within layouts/application (31.0ms)
Completed 200 OK in 117ms (Views: 115.7ms | ActiveRecord: 0.3ms)


Started POST "/people" for 127.0.0.1 at 2017-07-28 00:30:32 +1000
Processing by PeopleController#create as JS
  Parameters: {"utf8"=>"✓", "person"=>{"first_name"=>"a", "last_name"=>""}, "commit"=>"Submit"}
  [1m[35m (0.1ms)[0m  [1m[36mbegin transaction[0m
  [1m[35mSQL (1.6ms)[0m  [1m[32mINSERT INTO "people" ("first_name", "last_name", "created_at", "updated_at") VALUES (?, ?, ?, ?)[0m  [["first_name", "a"], ["last_name", ""], ["created_at", "2017-07-27 14:30:32.176368"], ["updated_at", "2017-07-27 14:30:32.176368"]]
  [1m[35m (5.6ms)[0m  [1m[36mcommit transaction[0m
Started POST "/people" for 127.0.0.1 at 2017-07-28 00:30:32 +1000
Processing by PeopleController#create as JS
  Parameters: {"utf8"=>"✓", "person"=>{"first_name"=>"a", "last_name"=>""}, "commit"=>"Submit"}
  [1m[35m (0.1ms)[0m  [1m[36mbegin transaction[0m
  [1m[35mSQL (1.9ms)[0m  [1m[32mINSERT INTO "people" ("first_name", "last_name", "created_at", "updated_at") VALUES (?, ?, ?, ?)[0m  [["first_name", "a"], ["last_name", ""], ["created_at", "2017-07-27 14:30:32.198228"], ["updated_at", "2017-07-27 14:30:32.198228"]]
  Rendering people/show.js.erb
  [1m[35m (11.3ms)[0m  [1m[36mcommit transaction[0m
  Rendering people/show.js.erb
  Rendered people/_table_row.html.erb (0.7ms)
  Rendered people/show.js.erb (2.2ms)
Completed 201 Created in 36ms (Views: 6.9ms | ActiveRecord: 13.2ms)


  Rendered people/_table_row.html.erb (1.3ms)
  Rendered people/show.js.erb (14.7ms)
Completed 201 Created in 63ms (Views: 50.0ms | ActiveRecord: 7.3ms)


Started GET "/people" for 127.0.0.1 at 2017-07-28 00:34:05 +1000
  [1m[35m (1.3ms)[0m  [1m[34mSELECT "schema_migrations"."version" FROM "schema_migrations" ORDER BY "schema_migrations"."version" ASC[0m
Processing by PeopleController#index as HTML
  Rendering people/index.html.erb within layouts/application
  [1m[36mPerson Load (1.1ms)[0m  [1m[34mSELECT "people".* FROM "people"[0m
  Rendered people/_table_row.html.erb (2.7ms)
  Rendered people/_table_row.html.erb (0.3ms)
  Rendered people/_table_row.html.erb (0.5ms)
  Rendered people/_table_row.html.erb (1.6ms)
  Rendered people/_table_row.html.erb (2.6ms)
  Rendered people/_table_row.html.erb (0.9ms)
  Rendered people/_table_row.html.erb (0.4ms)
  Rendered people/_table_row.html.erb (0.3ms)
  Rendered people/_table_row.html.erb (0.3ms)
  Rendered people/_table_row.html.erb (0.5ms)
  Rendered people/_table_row.html.erb (0.8ms)
  Rendered people/_table_row.html.erb (0.3ms)
  Rendered people/_table_row.html.erb (0.3ms)
  Rendered people/_form.html.erb (25.0ms)
  Rendered people/index.html.erb within layouts/application (63.6ms)
Completed 200 OK in 585ms (Views: 535.3ms | ActiveRecord: 3.4ms)


Started POST "/people" for 127.0.0.1 at 2017-07-28 00:34:12 +1000
Processing by PeopleController#create as JS
  Parameters: {"utf8"=>"✓", "person"=>{"first_name"=>"f", "last_name"=>""}, "commit"=>"Submit"}
  [1m[35m (0.1ms)[0m  [1m[36mbegin transaction[0m
  [1m[35mSQL (20.9ms)[0m  [1m[32mINSERT INTO "people" ("first_name", "last_name", "created_at", "updated_at") VALUES (?, ?, ?, ?)[0m  [["first_name", "f"], ["last_name", ""], ["created_at", "2017-07-27 14:34:12.731254"], ["updated_at", "2017-07-27 14:34:12.731254"]]
  [1m[35m (4.2ms)[0m  [1m[36mcommit transaction[0m
  Rendering people/show.js.erb
  Rendered people/_table_row.html.erb (2.2ms)
  Rendered people/show.js.erb (4.6ms)
Completed 201 Created in 73ms (Views: 11.9ms | ActiveRecord: 25.2ms)


Started GET "/people/16" for 127.0.0.1 at 2017-07-28 00:34:21 +1000
Processing by PeopleController#show as HTML
  Parameters: {"id"=>"16"}
  [1m[36mPerson Load (1.2ms)[0m  [1m[34mSELECT  "people".* FROM "people" WHERE "people"."id" = ? LIMIT ?[0m  [["id", 16], ["LIMIT", 1]]
  Rendering people/show.html.erb within layouts/application
  Rendered people/show.html.erb within layouts/application (1.3ms)
Completed 200 OK in 125ms (Views: 108.9ms | ActiveRecord: 1.2ms)


  [1m[35m (0.1ms)[0m  [1m[34mSELECT "schema_migrations"."version" FROM "schema_migrations" ORDER BY "schema_migrations"."version" ASC[0m
  [1m[36mActiveRecord::InternalMetadata Load (0.1ms)[0m  [1m[34mSELECT  "ar_internal_metadata".* FROM "ar_internal_metadata" WHERE "ar_internal_metadata"."key" = ? LIMIT ?[0m  [["key", "environment"], ["LIMIT", 1]]
  [1m[35m (0.0ms)[0m  [1m[36mbegin transaction[0m
  [1m[35m (0.0ms)[0m  [1m[36mcommit transaction[0m
  [1m[35m (0.1ms)[0m  [1m[34mSELECT "schema_migrations"."version" FROM "schema_migrations" ORDER BY "schema_migrations"."version" ASC[0m
Started GET "/people" for 127.0.0.1 at 2017-07-29 10:52:59 +1000
  [1m[35m (0.2ms)[0m  [1m[34mSELECT "schema_migrations"."version" FROM "schema_migrations" ORDER BY "schema_migrations"."version" ASC[0m
Processing by PeopleController#index as HTML
  Rendering people/index.html.erb within layouts/application
  [1m[36mPerson Load (0.6ms)[0m  [1m[34mSELECT "people".* FROM "people"[0m
  Rendered people/_table_row.html.erb (2.7ms)
  Rendered people/_table_row.html.erb (0.5ms)
  Rendered people/_table_row.html.erb (0.2ms)
  Rendered people/_table_row.html.erb (0.2ms)
  Rendered people/_table_row.html.erb (1.1ms)
  Rendered people/_table_row.html.erb (0.9ms)
  Rendered people/_table_row.html.erb (0.9ms)
  Rendered people/_table_row.html.erb (0.6ms)
  Rendered people/_table_row.html.erb (0.5ms)
  Rendered people/_table_row.html.erb (0.3ms)
  Rendered people/_table_row.html.erb (0.2ms)
  Rendered people/_table_row.html.erb (0.2ms)
  Rendered people/_table_row.html.erb (0.4ms)
  Rendered people/_table_row.html.erb (0.4ms)
  Rendered people/_form.html.erb (20.9ms)
  Rendered people/index.html.erb within layouts/application (50.9ms)
Completed 200 OK in 2234ms (Views: 2215.1ms | ActiveRecord: 1.5ms)


Started POST "/people" for 127.0.0.1 at 2017-07-29 10:53:14 +1000
Processing by PeopleController#create as JS
  Parameters: {"utf8"=>"✓", "person"=>{"first_name"=>"sylvia", "last_name"=>"kauer"}, "commit"=>"Submit"}
  [1m[35m (0.3ms)[0m  [1m[36mbegin transaction[0m
  [1m[35mSQL (3.9ms)[0m  [1m[32mINSERT INTO "people" ("first_name", "last_name", "created_at", "updated_at") VALUES (?, ?, ?, ?)[0m  [["first_name", "sylvia"], ["last_name", "kauer"], ["created_at", "2017-07-29 00:53:14.339158"], ["updated_at", "2017-07-29 00:53:14.339158"]]
  [1m[35m (12.5ms)[0m  [1m[36mcommit transaction[0m
  Rendering people/show.js.erb
  Rendered people/_table_row.html.erb (1.3ms)
  Rendered people/show.js.erb (4.8ms)
Completed 201 Created in 36ms (Views: 12.0ms | ActiveRecord: 16.6ms)


Started GET "/" for 127.0.0.1 at 2017-07-29 16:09:45 +1000
  [1m[35m (0.2ms)[0m  [1m[34mSELECT "schema_migrations"."version" FROM "schema_migrations" ORDER BY "schema_migrations"."version" ASC[0m
Processing by Rails::WelcomeController#index as HTML
  Rendering /home/bowdena/.rvm/gems/ruby-2.4.0/gems/railties-5.1.2/lib/rails/templates/rails/welcome/index.html.erb
  Rendered /home/bowdena/.rvm/gems/ruby-2.4.0/gems/railties-5.1.2/lib/rails/templates/rails/welcome/index.html.erb (5.0ms)
Completed 200 OK in 25ms (Views: 9.2ms | ActiveRecord: 0.0ms)


Started GET "/people" for 127.0.0.1 at 2017-07-29 16:09:50 +1000
Processing by PeopleController#index as HTML
  Rendering people/index.html.erb within layouts/application
  [1m[36mPerson Load (0.3ms)[0m  [1m[34mSELECT "people".* FROM "people"[0m
  Rendered people/_table_row.html.erb (1.1ms)
  Rendered people/_table_row.html.erb (0.7ms)
  Rendered people/_table_row.html.erb (1.0ms)
  Rendered people/_table_row.html.erb (3.8ms)
  Rendered people/_table_row.html.erb (2.6ms)
  Rendered people/_table_row.html.erb (1.9ms)
  Rendered people/_table_row.html.erb (2.8ms)
  Rendered people/_table_row.html.erb (0.6ms)
  Rendered people/_table_row.html.erb (0.3ms)
  Rendered people/_table_row.html.erb (0.3ms)
  Rendered people/_table_row.html.erb (0.4ms)
  Rendered people/_table_row.html.erb (0.4ms)
  Rendered people/_table_row.html.erb (1.0ms)
  Rendered people/_table_row.html.erb (2.4ms)
  Rendered people/_table_row.html.erb (1.8ms)
  Rendered people/_form.html.erb (21.3ms)
  Rendered people/index.html.erb within layouts/application (84.0ms)
Completed 200 OK in 421ms (Views: 401.5ms | ActiveRecord: 1.7ms)


Started POST "/people" for 127.0.0.1 at 2017-07-29 16:10:05 +1000
Processing by PeopleController#create as JS
  Parameters: {"utf8"=>"✓", "person"=>{"first_name"=>"Andrew", "last_name"=>"Bowden"}, "commit"=>"Submit"}
  [1m[35m (0.2ms)[0m  [1m[36mbegin transaction[0m
  [1m[35mSQL (1.5ms)[0m  [1m[32mINSERT INTO "people" ("first_name", "last_name", "created_at", "updated_at") VALUES (?, ?, ?, ?)[0m  [["first_name", "Andrew"], ["last_name", "Bowden"], ["created_at", "2017-07-29 06:10:05.894868"], ["updated_at", "2017-07-29 06:10:05.894868"]]
  [1m[35m (8.5ms)[0m  [1m[36mcommit transaction[0m
  Rendering people/show.js.erb
  Rendered people/_table_row.html.erb (1.1ms)
  Rendered people/show.js.erb (3.9ms)
Completed 201 Created in 29ms (Views: 7.4ms | ActiveRecord: 10.2ms)


